IP Upgrade report for CV_8052
Mon Feb 15 11:55:39 2016
Quartus Prime Version 15.1.0 Build 185 10/21/2015 SJ Lite Edition


---------------------
; Table of Contents ;
---------------------
  1. Legal Notice
  2. IP Upgrade Summary
  3. Successfully Upgraded IP Components
  4. IP Upgrade Messages



----------------
; Legal Notice ;
----------------
Copyright (C) 1991-2015 Altera Corporation. All rights reserved.
Your use of Altera Corporation's design tools, logic functions 
and other software and tools, and its AMPP partner logic 
functions, and any output files from any of the foregoing 
(including device programming or simulation files), and any 
associated documentation or information are expressly subject 
to the terms and conditions of the Altera Program License 
Subscription Agreement, the Altera Quartus Prime License Agreement,
the Altera MegaCore Function License Agreement, or other 
applicable license agreement, including, without limitation, 
that your use is for the sole purpose of programming logic 
devices manufactured by Altera and sold by Altera or its 
authorized distributors.  Please refer to the applicable 
agreement for further details.



+----------------------------------------------------------------------------+
; IP Upgrade Summary                                                         ;
+------------------------------+---------------------------------------------+
; IP Components Upgrade Status ; Passed - Mon Feb 15 11:55:39 2016           ;
; Quartus Prime Version        ; 15.1.0 Build 185 10/21/2015 SJ Lite Edition ;
; Revision Name                ; CV_8052                                     ;
; Top-level Entity Name        ; CV_8052                                     ;
; Family                       ; Cyclone V                                   ;
+------------------------------+---------------------------------------------+


+-------------------------------------------------------------------------------------------------------------------------+
; Successfully Upgraded IP Components                                                                                     ;
+--------------+---------------------+---------+----------------------+----------------------+------------------+---------+
; Entity Name  ; Component Name      ; Version ; Original Source File ; Generation File Path ; New Source File  ; Message ;
+--------------+---------------------+---------+----------------------+----------------------+------------------+---------+
; Serial_Flash ; Serial Flash Loader ; 13.0    ; Serial_Flash.qip     ; Serial_Flash.vhd     ; Serial_Flash.qip ;         ;
; CV_PLL       ; altera_pll          ; 15.0    ; CV_PLL.qip           ; CV_PLL.vhd           ; CV_PLL.qip       ;         ;
+--------------+---------------------+---------+----------------------+----------------------+------------------+---------+


+---------------------+
; IP Upgrade Messages ;
+---------------------+
Info (11902): Backing up file "Serial_Flash.vhd" to "Serial_Flash.BAK.vhd"
Info (11837): Started upgrading IP component Serial Flash Loader with file "Serial_Flash.vhd"
Info (11902): Backing up file "CV_PLL.vhd" to "CV_PLL.BAK.vhd"
Info (11837): Started upgrading IP component altera_pll with file "CV_PLL.vhd"
Info (11131): Completed upgrading IP component Serial Flash Loader with file "Serial_Flash.vhd"
Info (11131): Completed upgrading IP component altera_pll with file "CV_PLL.vhd"
Info (23030): Evaluation of Tcl script c:/altera/15.1/quartus/common/tcl/internal/ip_regen/ip_regen.tcl was successful
Info: Quartus Prime Shell was successful. 0 errors, 0 warnings
    Info: Peak virtual memory: 672 megabytes
    Info: Processing ended: Mon Feb 15 11:55:39 2016
    Info: Elapsed time: 00:03:15
    Info: Total CPU time (on all processors): 00:01:28


