Analysis & Synthesis report for PSM
Sat Feb 20 19:50:16 2016
Quartus Prime Version 15.1.0 Build 185 10/21/2015 SJ Lite Edition


---------------------
; Table of Contents ;
---------------------
  1. Legal Notice
  2. Analysis & Synthesis Summary
  3. Analysis & Synthesis Settings
  4. Parallel Compilation
  5. Analysis & Synthesis Source Files Read
  6. Analysis & Synthesis Resource Usage Summary
  7. Analysis & Synthesis Resource Utilization by Entity
  8. Analysis & Synthesis RAM Summary
  9. Analysis & Synthesis IP Cores Summary
 10. General Register Statistics
 11. Source assignments for ROM64x16:inst4|altsyncram:altsyncram_component|altsyncram_pvd1:auto_generated
 12. Parameter Settings for User Entity Instance: 74161:inst1
 13. Parameter Settings for User Entity Instance: 74151:inst
 14. Parameter Settings for User Entity Instance: ROM64x16:inst4|altsyncram:altsyncram_component
 15. altsyncram Parameter Settings by Entity Instance
 16. Post-Synthesis Netlist Statistics for Top Partition
 17. Elapsed Time Per Partition
 18. Analysis & Synthesis Messages
 19. Analysis & Synthesis Suppressed Messages



----------------
; Legal Notice ;
----------------
Copyright (C) 1991-2015 Altera Corporation. All rights reserved.
Your use of Altera Corporation's design tools, logic functions 
and other software and tools, and its AMPP partner logic 
functions, and any output files from any of the foregoing 
(including device programming or simulation files), and any 
associated documentation or information are expressly subject 
to the terms and conditions of the Altera Program License 
Subscription Agreement, the Altera Quartus Prime License Agreement,
the Altera MegaCore Function License Agreement, or other 
applicable license agreement, including, without limitation, 
that your use is for the sole purpose of programming logic 
devices manufactured by Altera and sold by Altera or its 
authorized distributors.  Please refer to the applicable 
agreement for further details.



+-------------------------------------------------------------------------------+
; Analysis & Synthesis Summary                                                  ;
+---------------------------------+---------------------------------------------+
; Analysis & Synthesis Status     ; Successful - Sat Feb 20 19:50:16 2016       ;
; Quartus Prime Version           ; 15.1.0 Build 185 10/21/2015 SJ Lite Edition ;
; Revision Name                   ; PSM                                         ;
; Top-level Entity Name           ; PSM                                         ;
; Family                          ; Cyclone V                                   ;
; Logic utilization (in ALMs)     ; N/A                                         ;
; Total registers                 ; 31                                          ;
; Total pins                      ; 20                                          ;
; Total virtual pins              ; 0                                           ;
; Total block memory bits         ; 256                                         ;
; Total DSP Blocks                ; 0                                           ;
; Total HSSI RX PCSs              ; 0                                           ;
; Total HSSI PMA RX Deserializers ; 0                                           ;
; Total HSSI TX PCSs              ; 0                                           ;
; Total HSSI PMA TX Serializers   ; 0                                           ;
; Total PLLs                      ; 0                                           ;
; Total DLLs                      ; 0                                           ;
+---------------------------------+---------------------------------------------+


+---------------------------------------------------------------------------------------------------------------------------+
; Analysis & Synthesis Settings                                                                                             ;
+---------------------------------------------------------------------------------+--------------------+--------------------+
; Option                                                                          ; Setting            ; Default Value      ;
+---------------------------------------------------------------------------------+--------------------+--------------------+
; Device                                                                          ; 5CEFA4F23C7        ;                    ;
; Top-level entity name                                                           ; PSM                ; PSM                ;
; Family name                                                                     ; Cyclone V          ; Cyclone IV GX      ;
; Use smart compilation                                                           ; Off                ; Off                ;
; Enable parallel Assembler and TimeQuest Timing Analyzer during compilation      ; On                 ; On                 ;
; Enable compact report table                                                     ; Off                ; Off                ;
; Restructure Multiplexers                                                        ; Auto               ; Auto               ;
; MLAB Add Timing Constraints For Mixed-Port Feed-Through Mode Setting Don't Care ; Off                ; Off                ;
; Create Debugging Nodes for IP Cores                                             ; Off                ; Off                ;
; Preserve fewer node names                                                       ; On                 ; On                 ;
; Disable OpenCore Plus hardware evaluation                                       ; Off                ; Off                ;
; Verilog Version                                                                 ; Verilog_2001       ; Verilog_2001       ;
; VHDL Version                                                                    ; VHDL_1993          ; VHDL_1993          ;
; State Machine Processing                                                        ; Auto               ; Auto               ;
; Safe State Machine                                                              ; Off                ; Off                ;
; Extract Verilog State Machines                                                  ; On                 ; On                 ;
; Extract VHDL State Machines                                                     ; On                 ; On                 ;
; Ignore Verilog initial constructs                                               ; Off                ; Off                ;
; Iteration limit for constant Verilog loops                                      ; 5000               ; 5000               ;
; Iteration limit for non-constant Verilog loops                                  ; 250                ; 250                ;
; Add Pass-Through Logic to Inferred RAMs                                         ; On                 ; On                 ;
; Infer RAMs from Raw Logic                                                       ; On                 ; On                 ;
; Parallel Synthesis                                                              ; Off                ; Off                ;
; DSP Block Balancing                                                             ; Auto               ; Auto               ;
; NOT Gate Push-Back                                                              ; On                 ; On                 ;
; Power-Up Don't Care                                                             ; On                 ; On                 ;
; Remove Redundant Logic Cells                                                    ; Off                ; Off                ;
; Remove Duplicate Registers                                                      ; On                 ; On                 ;
; Ignore CARRY Buffers                                                            ; Off                ; Off                ;
; Ignore CASCADE Buffers                                                          ; Off                ; Off                ;
; Ignore GLOBAL Buffers                                                           ; Off                ; Off                ;
; Ignore ROW GLOBAL Buffers                                                       ; Off                ; Off                ;
; Ignore LCELL Buffers                                                            ; Off                ; Off                ;
; Ignore SOFT Buffers                                                             ; On                 ; On                 ;
; Limit AHDL Integers to 32 Bits                                                  ; Off                ; Off                ;
; Optimization Technique                                                          ; Balanced           ; Balanced           ;
; Carry Chain Length                                                              ; 70                 ; 70                 ;
; Auto Carry Chains                                                               ; On                 ; On                 ;
; Auto Open-Drain Pins                                                            ; On                 ; On                 ;
; Perform WYSIWYG Primitive Resynthesis                                           ; Off                ; Off                ;
; Auto ROM Replacement                                                            ; On                 ; On                 ;
; Auto RAM Replacement                                                            ; On                 ; On                 ;
; Auto DSP Block Replacement                                                      ; On                 ; On                 ;
; Auto Shift Register Replacement                                                 ; Auto               ; Auto               ;
; Allow Shift Register Merging across Hierarchies                                 ; Auto               ; Auto               ;
; Auto Clock Enable Replacement                                                   ; On                 ; On                 ;
; Strict RAM Replacement                                                          ; Off                ; Off                ;
; Allow Synchronous Control Signals                                               ; On                 ; On                 ;
; Force Use of Synchronous Clear Signals                                          ; Off                ; Off                ;
; Auto Resource Sharing                                                           ; Off                ; Off                ;
; Allow Any RAM Size For Recognition                                              ; Off                ; Off                ;
; Allow Any ROM Size For Recognition                                              ; Off                ; Off                ;
; Allow Any Shift Register Size For Recognition                                   ; Off                ; Off                ;
; Use LogicLock Constraints during Resource Balancing                             ; On                 ; On                 ;
; Ignore translate_off and synthesis_off directives                               ; Off                ; Off                ;
; Timing-Driven Synthesis                                                         ; On                 ; On                 ;
; Report Parameter Settings                                                       ; On                 ; On                 ;
; Report Source Assignments                                                       ; On                 ; On                 ;
; Report Connectivity Checks                                                      ; On                 ; On                 ;
; Ignore Maximum Fan-Out Assignments                                              ; Off                ; Off                ;
; Synchronization Register Chain Length                                           ; 3                  ; 3                  ;
; PowerPlay Power Optimization During Synthesis                                   ; Normal compilation ; Normal compilation ;
; HDL message level                                                               ; Level2             ; Level2             ;
; Suppress Register Optimization Related Messages                                 ; Off                ; Off                ;
; Number of Removed Registers Reported in Synthesis Report                        ; 5000               ; 5000               ;
; Number of Swept Nodes Reported in Synthesis Report                              ; 5000               ; 5000               ;
; Number of Inverted Registers Reported in Synthesis Report                       ; 100                ; 100                ;
; Clock MUX Protection                                                            ; On                 ; On                 ;
; Auto Gated Clock Conversion                                                     ; Off                ; Off                ;
; Block Design Naming                                                             ; Auto               ; Auto               ;
; SDC constraint protection                                                       ; Off                ; Off                ;
; Synthesis Effort                                                                ; Auto               ; Auto               ;
; Shift Register Replacement - Allow Asynchronous Clear Signal                    ; On                 ; On                 ;
; Pre-Mapping Resynthesis Optimization                                            ; Off                ; Off                ;
; Analysis & Synthesis Message Level                                              ; Medium             ; Medium             ;
; Disable Register Merging Across Hierarchies                                     ; Auto               ; Auto               ;
; Resource Aware Inference For Block RAM                                          ; On                 ; On                 ;
; Synthesis Seed                                                                  ; 1                  ; 1                  ;
; Automatic Parallel Synthesis                                                    ; On                 ; On                 ;
; Partial Reconfiguration Bitstream ID                                            ; Off                ; Off                ;
+---------------------------------------------------------------------------------+--------------------+--------------------+


Parallel compilation was disabled, but you have multiple processors available. Enable parallel compilation to reduce compilation time.
+-------------------------------------+
; Parallel Compilation                ;
+----------------------------+--------+
; Processors                 ; Number ;
+----------------------------+--------+
; Number detected on machine ; 8      ;
; Maximum allowed            ; 1      ;
+----------------------------+--------+


+-------------------------------------------------------------------------------------------------------------------------------------------------------------------------------+
; Analysis & Synthesis Source Files Read                                                                                                                                        ;
+----------------------------------+-----------------+------------------------------------+---------------------------------------------------------------------------+---------+
; File Name with User-Entered Path ; Used in Netlist ; File Type                          ; File Name with Absolute Path                                              ; Library ;
+----------------------------------+-----------------+------------------------------------+---------------------------------------------------------------------------+---------+
; PSM.bdf                          ; yes             ; User Block Diagram/Schematic File  ; C:/Users/Akshiv/Downloads/PSM(1)/PSM/PSM.bdf                              ;         ;
; ROM64x16.vhd                     ; yes             ; User VHDL File                     ; C:/Users/Akshiv/Downloads/PSM(1)/PSM/ROM64x16.vhd                         ;         ;
; PSM_Program.mif                  ; yes             ; User Memory Initialization File    ; C:/Users/Akshiv/Downloads/PSM(1)/PSM/PSM_Program.mif                      ;         ;
; clk_divider.vhd                  ; yes             ; User VHDL File                     ; C:/Users/Akshiv/Downloads/PSM(1)/PSM/clk_divider.vhd                      ;         ;
; 74161.tdf                        ; yes             ; Megafunction                       ; c:/altera_lite/15.1/quartus/libraries/others/maxplus2/74161.tdf           ;         ;
; aglobal.inc                      ; yes             ; Megafunction                       ; c:/altera_lite/15.1/quartus/libraries/megafunctions/aglobal.inc           ;         ;
; f74161.bdf                       ; yes             ; Megafunction                       ; c:/altera_lite/15.1/quartus/libraries/others/maxplus2/f74161.bdf          ;         ;
; 74151.tdf                        ; yes             ; Megafunction                       ; c:/altera_lite/15.1/quartus/libraries/others/maxplus2/74151.tdf           ;         ;
; f74151.bdf                       ; yes             ; Megafunction                       ; c:/altera_lite/15.1/quartus/libraries/others/maxplus2/f74151.bdf          ;         ;
; altsyncram.tdf                   ; yes             ; Megafunction                       ; c:/altera_lite/15.1/quartus/libraries/megafunctions/altsyncram.tdf        ;         ;
; stratix_ram_block.inc            ; yes             ; Megafunction                       ; c:/altera_lite/15.1/quartus/libraries/megafunctions/stratix_ram_block.inc ;         ;
; lpm_mux.inc                      ; yes             ; Megafunction                       ; c:/altera_lite/15.1/quartus/libraries/megafunctions/lpm_mux.inc           ;         ;
; lpm_decode.inc                   ; yes             ; Megafunction                       ; c:/altera_lite/15.1/quartus/libraries/megafunctions/lpm_decode.inc        ;         ;
; aglobal151.inc                   ; yes             ; Megafunction                       ; c:/altera_lite/15.1/quartus/libraries/megafunctions/aglobal151.inc        ;         ;
; a_rdenreg.inc                    ; yes             ; Megafunction                       ; c:/altera_lite/15.1/quartus/libraries/megafunctions/a_rdenreg.inc         ;         ;
; altrom.inc                       ; yes             ; Megafunction                       ; c:/altera_lite/15.1/quartus/libraries/megafunctions/altrom.inc            ;         ;
; altram.inc                       ; yes             ; Megafunction                       ; c:/altera_lite/15.1/quartus/libraries/megafunctions/altram.inc            ;         ;
; altdpram.inc                     ; yes             ; Megafunction                       ; c:/altera_lite/15.1/quartus/libraries/megafunctions/altdpram.inc          ;         ;
; db/altsyncram_pvd1.tdf           ; yes             ; Auto-Generated Megafunction        ; C:/Users/Akshiv/Downloads/PSM(1)/PSM/db/altsyncram_pvd1.tdf               ;         ;
+----------------------------------+-----------------+------------------------------------+---------------------------------------------------------------------------+---------+


+--------------------------------------------------------------+
; Analysis & Synthesis Resource Usage Summary                  ;
+---------------------------------------------+----------------+
; Resource                                    ; Usage          ;
+---------------------------------------------+----------------+
; Estimate of Logic utilization (ALMs needed) ; 25             ;
;                                             ;                ;
; Combinational ALUT usage for logic          ; 44             ;
;     -- 7 input functions                    ; 1              ;
;     -- 6 input functions                    ; 5              ;
;     -- 5 input functions                    ; 6              ;
;     -- 4 input functions                    ; 5              ;
;     -- <=3 input functions                  ; 27             ;
;                                             ;                ;
; Dedicated logic registers                   ; 31             ;
;                                             ;                ;
; I/O pins                                    ; 20             ;
; Total MLAB memory bits                      ; 0              ;
; Total block memory bits                     ; 256            ;
;                                             ;                ;
; Total DSP Blocks                            ; 0              ;
;                                             ;                ;
; Maximum fan-out node                        ; CLOCK_50~input ;
; Maximum fan-out                             ; 43             ;
; Total fan-out                               ; 372            ;
; Average fan-out                             ; 2.84           ;
+---------------------------------------------+----------------+


+-----------------------------------------------------------------------------------------------------------------------------------------------------------------------------------------------------------------------------------------+
; Analysis & Synthesis Resource Utilization by Entity                                                                                                                                                                                     ;
+-------------------------------------------+-------------------+--------------+-------------------+------------+------+--------------+------------------------------------------------------------------------------------+--------------+
; Compilation Hierarchy Node                ; LC Combinationals ; LC Registers ; Block Memory Bits ; DSP Blocks ; Pins ; Virtual Pins ; Full Hierarchy Name                                                                ; Library Name ;
+-------------------------------------------+-------------------+--------------+-------------------+------------+------+--------------+------------------------------------------------------------------------------------+--------------+
; |PSM                                      ; 44 (0)            ; 31 (0)       ; 256               ; 0          ; 20   ; 0            ; |PSM                                                                               ; work         ;
;    |74151:inst|                           ; 3 (0)             ; 0 (0)        ; 0                 ; 0          ; 0    ; 0            ; |PSM|74151:inst                                                                    ; work         ;
;       |f74151:sub|                        ; 3 (3)             ; 0 (0)        ; 0                 ; 0          ; 0    ; 0            ; |PSM|74151:inst|f74151:sub                                                         ; work         ;
;    |74161:inst1|                          ; 6 (0)             ; 4 (0)        ; 0                 ; 0          ; 0    ; 0            ; |PSM|74161:inst1                                                                   ; work         ;
;       |f74161:sub|                        ; 6 (6)             ; 4 (4)        ; 0                 ; 0          ; 0    ; 0            ; |PSM|74161:inst1|f74161:sub                                                        ; work         ;
;    |ROM64x16:inst4|                       ; 0 (0)             ; 0 (0)        ; 256               ; 0          ; 0    ; 0            ; |PSM|ROM64x16:inst4                                                                ; work         ;
;       |altsyncram:altsyncram_component|   ; 0 (0)             ; 0 (0)        ; 256               ; 0          ; 0    ; 0            ; |PSM|ROM64x16:inst4|altsyncram:altsyncram_component                                ; work         ;
;          |altsyncram_pvd1:auto_generated| ; 0 (0)             ; 0 (0)        ; 256               ; 0          ; 0    ; 0            ; |PSM|ROM64x16:inst4|altsyncram:altsyncram_component|altsyncram_pvd1:auto_generated ; work         ;
;    |clk_divider:inst3|                    ; 35 (35)           ; 27 (27)      ; 0                 ; 0          ; 0    ; 0            ; |PSM|clk_divider:inst3                                                             ; work         ;
+-------------------------------------------+-------------------+--------------+-------------------+------------+------+--------------+------------------------------------------------------------------------------------+--------------+
Note: For table entries with two numbers listed, the numbers in parentheses indicate the number of resources of the given type used by the specific entity alone. The numbers listed outside of parentheses indicate the total resources of the given type used by the specific entity and all of its sub-entities in the hierarchy.


+---------------------------------------------------------------------------------------------------------------------------------------------------------------------------------------------+
; Analysis & Synthesis RAM Summary                                                                                                                                                            ;
+------------------------------------------------------------------------------------------+------+------+--------------+--------------+--------------+--------------+------+-----------------+
; Name                                                                                     ; Type ; Mode ; Port A Depth ; Port A Width ; Port B Depth ; Port B Width ; Size ; MIF             ;
+------------------------------------------------------------------------------------------+------+------+--------------+--------------+--------------+--------------+------+-----------------+
; ROM64x16:inst4|altsyncram:altsyncram_component|altsyncram_pvd1:auto_generated|ALTSYNCRAM ; AUTO ; ROM  ; 64           ; 16           ; --           ; --           ; 1024 ; PSM_Program.mif ;
+------------------------------------------------------------------------------------------+------+------+--------------+--------------+--------------+--------------+------+-----------------+


+-------------------------------------------------------------------------------------------------------+
; Analysis & Synthesis IP Cores Summary                                                                 ;
+--------+--------------+---------+--------------+--------------+---------------------+-----------------+
; Vendor ; IP Core Name ; Version ; Release Date ; License Type ; Entity Instance     ; IP Include File ;
+--------+--------------+---------+--------------+--------------+---------------------+-----------------+
; N/A    ; ROM: 1-PORT  ; 9.0     ; N/A          ; N/A          ; |PSM|ROM64x16:inst4 ;                 ;
+--------+--------------+---------+--------------+--------------+---------------------+-----------------+


+------------------------------------------------------+
; General Register Statistics                          ;
+----------------------------------------------+-------+
; Statistic                                    ; Value ;
+----------------------------------------------+-------+
; Total registers                              ; 31    ;
; Number of registers using Synchronous Clear  ; 26    ;
; Number of registers using Synchronous Load   ; 0     ;
; Number of registers using Asynchronous Clear ; 31    ;
; Number of registers using Asynchronous Load  ; 0     ;
; Number of registers using Clock Enable       ; 0     ;
; Number of registers using Preset             ; 0     ;
+----------------------------------------------+-------+


+------------------------------------------------------------------------------------------------------+
; Source assignments for ROM64x16:inst4|altsyncram:altsyncram_component|altsyncram_pvd1:auto_generated ;
+---------------------------------+--------------------+------+----------------------------------------+
; Assignment                      ; Value              ; From ; To                                     ;
+---------------------------------+--------------------+------+----------------------------------------+
; OPTIMIZE_POWER_DURING_SYNTHESIS ; NORMAL_COMPILATION ; -    ; -                                      ;
+---------------------------------+--------------------+------+----------------------------------------+


+----------------------------------------------------------+
; Parameter Settings for User Entity Instance: 74161:inst1 ;
+------------------------+-----------+---------------------+
; Parameter Name         ; Value     ; Type                ;
+------------------------+-----------+---------------------+
; DEVICE_FAMILY          ; Cyclone V ; Untyped             ;
; AUTO_CARRY_CHAINS      ; ON        ; AUTO_CARRY          ;
; IGNORE_CARRY_BUFFERS   ; OFF       ; IGNORE_CARRY        ;
; AUTO_CASCADE_CHAINS    ; ON        ; AUTO_CASCADE        ;
; IGNORE_CASCADE_BUFFERS ; OFF       ; IGNORE_CASCADE      ;
+------------------------+-----------+---------------------+
Note: In order to hide this table in the UI and the text report file, please set the "Show Parameter Settings in Synthesis Report" option in "Analysis and Synthesis Settings -> More Settings" to "Off".


+---------------------------------------------------------+
; Parameter Settings for User Entity Instance: 74151:inst ;
+------------------------+-----------+--------------------+
; Parameter Name         ; Value     ; Type               ;
+------------------------+-----------+--------------------+
; DEVICE_FAMILY          ; Cyclone V ; Untyped            ;
; AUTO_CARRY_CHAINS      ; ON        ; AUTO_CARRY         ;
; IGNORE_CARRY_BUFFERS   ; OFF       ; IGNORE_CARRY       ;
; AUTO_CASCADE_CHAINS    ; ON        ; AUTO_CASCADE       ;
; IGNORE_CASCADE_BUFFERS ; OFF       ; IGNORE_CASCADE     ;
+------------------------+-----------+--------------------+
Note: In order to hide this table in the UI and the text report file, please set the "Show Parameter Settings in Synthesis Report" option in "Analysis and Synthesis Settings -> More Settings" to "Off".


+---------------------------------------------------------------------------------------------+
; Parameter Settings for User Entity Instance: ROM64x16:inst4|altsyncram:altsyncram_component ;
+------------------------------------+----------------------+---------------------------------+
; Parameter Name                     ; Value                ; Type                            ;
+------------------------------------+----------------------+---------------------------------+
; BYTE_SIZE_BLOCK                    ; 8                    ; Untyped                         ;
; AUTO_CARRY_CHAINS                  ; ON                   ; AUTO_CARRY                      ;
; IGNORE_CARRY_BUFFERS               ; OFF                  ; IGNORE_CARRY                    ;
; AUTO_CASCADE_CHAINS                ; ON                   ; AUTO_CASCADE                    ;
; IGNORE_CASCADE_BUFFERS             ; OFF                  ; IGNORE_CASCADE                  ;
; WIDTH_BYTEENA                      ; 1                    ; Untyped                         ;
; OPERATION_MODE                     ; ROM                  ; Untyped                         ;
; WIDTH_A                            ; 16                   ; Signed Integer                  ;
; WIDTHAD_A                          ; 6                    ; Signed Integer                  ;
; NUMWORDS_A                         ; 64                   ; Signed Integer                  ;
; OUTDATA_REG_A                      ; CLOCK0               ; Untyped                         ;
; ADDRESS_ACLR_A                     ; NONE                 ; Untyped                         ;
; OUTDATA_ACLR_A                     ; NONE                 ; Untyped                         ;
; WRCONTROL_ACLR_A                   ; NONE                 ; Untyped                         ;
; INDATA_ACLR_A                      ; NONE                 ; Untyped                         ;
; BYTEENA_ACLR_A                     ; NONE                 ; Untyped                         ;
; WIDTH_B                            ; 1                    ; Untyped                         ;
; WIDTHAD_B                          ; 1                    ; Untyped                         ;
; NUMWORDS_B                         ; 1                    ; Untyped                         ;
; INDATA_REG_B                       ; CLOCK1               ; Untyped                         ;
; WRCONTROL_WRADDRESS_REG_B          ; CLOCK1               ; Untyped                         ;
; RDCONTROL_REG_B                    ; CLOCK1               ; Untyped                         ;
; ADDRESS_REG_B                      ; CLOCK1               ; Untyped                         ;
; OUTDATA_REG_B                      ; UNREGISTERED         ; Untyped                         ;
; BYTEENA_REG_B                      ; CLOCK1               ; Untyped                         ;
; INDATA_ACLR_B                      ; NONE                 ; Untyped                         ;
; WRCONTROL_ACLR_B                   ; NONE                 ; Untyped                         ;
; ADDRESS_ACLR_B                     ; NONE                 ; Untyped                         ;
; OUTDATA_ACLR_B                     ; NONE                 ; Untyped                         ;
; RDCONTROL_ACLR_B                   ; NONE                 ; Untyped                         ;
; BYTEENA_ACLR_B                     ; NONE                 ; Untyped                         ;
; WIDTH_BYTEENA_A                    ; 1                    ; Signed Integer                  ;
; WIDTH_BYTEENA_B                    ; 1                    ; Untyped                         ;
; RAM_BLOCK_TYPE                     ; AUTO                 ; Untyped                         ;
; BYTE_SIZE                          ; 8                    ; Untyped                         ;
; READ_DURING_WRITE_MODE_MIXED_PORTS ; DONT_CARE            ; Untyped                         ;
; READ_DURING_WRITE_MODE_PORT_A      ; NEW_DATA_NO_NBE_READ ; Untyped                         ;
; READ_DURING_WRITE_MODE_PORT_B      ; NEW_DATA_NO_NBE_READ ; Untyped                         ;
; INIT_FILE                          ; PSM_Program.mif      ; Untyped                         ;
; INIT_FILE_LAYOUT                   ; PORT_A               ; Untyped                         ;
; MAXIMUM_DEPTH                      ; 0                    ; Untyped                         ;
; CLOCK_ENABLE_INPUT_A               ; BYPASS               ; Untyped                         ;
; CLOCK_ENABLE_INPUT_B               ; NORMAL               ; Untyped                         ;
; CLOCK_ENABLE_OUTPUT_A              ; BYPASS               ; Untyped                         ;
; CLOCK_ENABLE_OUTPUT_B              ; NORMAL               ; Untyped                         ;
; CLOCK_ENABLE_CORE_A                ; USE_INPUT_CLKEN      ; Untyped                         ;
; CLOCK_ENABLE_CORE_B                ; USE_INPUT_CLKEN      ; Untyped                         ;
; ENABLE_ECC                         ; FALSE                ; Untyped                         ;
; ECC_PIPELINE_STAGE_ENABLED         ; FALSE                ; Untyped                         ;
; WIDTH_ECCSTATUS                    ; 3                    ; Untyped                         ;
; DEVICE_FAMILY                      ; Cyclone V            ; Untyped                         ;
; CBXI_PARAMETER                     ; altsyncram_pvd1      ; Untyped                         ;
+------------------------------------+----------------------+---------------------------------+
Note: In order to hide this table in the UI and the text report file, please set the "Show Parameter Settings in Synthesis Report" option in "Analysis and Synthesis Settings -> More Settings" to "Off".


+--------------------------------------------------------------------------------------------+
; altsyncram Parameter Settings by Entity Instance                                           ;
+-------------------------------------------+------------------------------------------------+
; Name                                      ; Value                                          ;
+-------------------------------------------+------------------------------------------------+
; Number of entity instances                ; 1                                              ;
; Entity Instance                           ; ROM64x16:inst4|altsyncram:altsyncram_component ;
;     -- OPERATION_MODE                     ; ROM                                            ;
;     -- WIDTH_A                            ; 16                                             ;
;     -- NUMWORDS_A                         ; 64                                             ;
;     -- OUTDATA_REG_A                      ; CLOCK0                                         ;
;     -- WIDTH_B                            ; 1                                              ;
;     -- NUMWORDS_B                         ; 1                                              ;
;     -- ADDRESS_REG_B                      ; CLOCK1                                         ;
;     -- OUTDATA_REG_B                      ; UNREGISTERED                                   ;
;     -- RAM_BLOCK_TYPE                     ; AUTO                                           ;
;     -- READ_DURING_WRITE_MODE_MIXED_PORTS ; DONT_CARE                                      ;
+-------------------------------------------+------------------------------------------------+


+-----------------------------------------------------+
; Post-Synthesis Netlist Statistics for Top Partition ;
+-----------------------+-----------------------------+
; Type                  ; Count                       ;
+-----------------------+-----------------------------+
; arriav_ff             ; 31                          ;
;     CLR               ; 5                           ;
;     CLR SCLR          ; 26                          ;
; arriav_lcell_comb     ; 44                          ;
;     arith             ; 26                          ;
;         1 data inputs ; 26                          ;
;     extend            ; 1                           ;
;         7 data inputs ; 1                           ;
;     normal            ; 17                          ;
;         3 data inputs ; 1                           ;
;         4 data inputs ; 5                           ;
;         5 data inputs ; 6                           ;
;         6 data inputs ; 5                           ;
; boundary_port         ; 20                          ;
; stratixv_ram_block    ; 16                          ;
;                       ;                             ;
; Max LUT depth         ; 3.50                        ;
; Average LUT depth     ; 2.29                        ;
+-----------------------+-----------------------------+


+-------------------------------+
; Elapsed Time Per Partition    ;
+----------------+--------------+
; Partition Name ; Elapsed Time ;
+----------------+--------------+
; Top            ; 00:00:00     ;
+----------------+--------------+


+-------------------------------+
; Analysis & Synthesis Messages ;
+-------------------------------+
Info: *******************************************************************
Info: Running Quartus Prime Analysis & Synthesis
    Info: Version 15.1.0 Build 185 10/21/2015 SJ Lite Edition
    Info: Processing started: Sat Feb 20 19:50:06 2016
Info: Command: quartus_map --read_settings_files=on --write_settings_files=off PSM -c PSM
Info (12021): Found 1 design units, including 1 entities, in source file psm.bdf
    Info (12023): Found entity 1: PSM
Info (12021): Found 2 design units, including 1 entities, in source file rom64x16.vhd
    Info (12022): Found design unit 1: rom64x16-SYN File: C:/Users/Akshiv/Downloads/PSM(1)/PSM/ROM64x16.vhd Line: 18
    Info (12023): Found entity 1: ROM64x16 File: C:/Users/Akshiv/Downloads/PSM(1)/PSM/ROM64x16.vhd Line: 7
Info (12021): Found 2 design units, including 1 entities, in source file clk_divider.vhd
    Info (12022): Found design unit 1: clk_divider-rtl File: C:/Users/Akshiv/Downloads/PSM(1)/PSM/clk_divider.vhd Line: 15
    Info (12023): Found entity 1: clk_divider File: C:/Users/Akshiv/Downloads/PSM(1)/PSM/clk_divider.vhd Line: 6
Info (12127): Elaborating entity "PSM" for the top level hierarchy
Info (12128): Elaborating entity "74161" for hierarchy "74161:inst1"
Info (12130): Elaborated megafunction instantiation "74161:inst1"
Info (12128): Elaborating entity "f74161" for hierarchy "74161:inst1|f74161:sub" File: c:/altera_lite/15.1/quartus/libraries/others/maxplus2/74161.tdf Line: 33
Info (12131): Elaborated megafunction instantiation "74161:inst1|f74161:sub", which is child of megafunction instantiation "74161:inst1" File: c:/altera_lite/15.1/quartus/libraries/others/maxplus2/74161.tdf Line: 33
Info (12128): Elaborating entity "clk_divider" for hierarchy "clk_divider:inst3"
Info (12128): Elaborating entity "74151" for hierarchy "74151:inst"
Info (12130): Elaborated megafunction instantiation "74151:inst"
Info (12128): Elaborating entity "f74151" for hierarchy "74151:inst|f74151:sub" File: c:/altera_lite/15.1/quartus/libraries/others/maxplus2/74151.tdf Line: 24
Info (12131): Elaborated megafunction instantiation "74151:inst|f74151:sub", which is child of megafunction instantiation "74151:inst" File: c:/altera_lite/15.1/quartus/libraries/others/maxplus2/74151.tdf Line: 24
Info (12128): Elaborating entity "ROM64x16" for hierarchy "ROM64x16:inst4"
Info (12128): Elaborating entity "altsyncram" for hierarchy "ROM64x16:inst4|altsyncram:altsyncram_component" File: C:/Users/Akshiv/Downloads/PSM(1)/PSM/ROM64x16.vhd Line: 72
Info (12130): Elaborated megafunction instantiation "ROM64x16:inst4|altsyncram:altsyncram_component" File: C:/Users/Akshiv/Downloads/PSM(1)/PSM/ROM64x16.vhd Line: 72
Info (12133): Instantiated megafunction "ROM64x16:inst4|altsyncram:altsyncram_component" with the following parameter: File: C:/Users/Akshiv/Downloads/PSM(1)/PSM/ROM64x16.vhd Line: 72
    Info (12134): Parameter "clock_enable_input_a" = "BYPASS"
    Info (12134): Parameter "clock_enable_output_a" = "BYPASS"
    Info (12134): Parameter "init_file" = "PSM_Program.mif"
    Info (12134): Parameter "intended_device_family" = "Stratix II"
    Info (12134): Parameter "lpm_hint" = "ENABLE_RUNTIME_MOD=NO"
    Info (12134): Parameter "lpm_type" = "altsyncram"
    Info (12134): Parameter "numwords_a" = "64"
    Info (12134): Parameter "operation_mode" = "ROM"
    Info (12134): Parameter "outdata_aclr_a" = "NONE"
    Info (12134): Parameter "outdata_reg_a" = "CLOCK0"
    Info (12134): Parameter "widthad_a" = "6"
    Info (12134): Parameter "width_a" = "16"
    Info (12134): Parameter "width_byteena_a" = "1"
Info (12021): Found 1 design units, including 1 entities, in source file db/altsyncram_pvd1.tdf
    Info (12023): Found entity 1: altsyncram_pvd1 File: C:/Users/Akshiv/Downloads/PSM(1)/PSM/db/altsyncram_pvd1.tdf Line: 28
Info (12128): Elaborating entity "altsyncram_pvd1" for hierarchy "ROM64x16:inst4|altsyncram:altsyncram_component|altsyncram_pvd1:auto_generated" File: c:/altera_lite/15.1/quartus/libraries/megafunctions/altsyncram.tdf Line: 792
Info (13014): Ignored 6 buffer(s)
    Info (13015): Ignored 4 CARRY buffer(s)
    Info (13017): Ignored 2 CASCADE buffer(s)
Info (286030): Timing-Driven Synthesis is running
Info (17036): Removed 2 MSB VCC or GND address nodes from RAM block "ROM64x16:inst4|altsyncram:altsyncram_component|altsyncram_pvd1:auto_generated|ALTSYNCRAM" File: C:/Users/Akshiv/Downloads/PSM(1)/PSM/db/altsyncram_pvd1.tdf Line: 32
Info (144001): Generated suppressed messages file C:/Users/Akshiv/Downloads/PSM(1)/PSM/PSM.map.smsg
Info (16010): Generating hard_block partition "hard_block:auto_generated_inst"
    Info (16011): Adding 0 node(s), including 0 DDIO, 0 PLL, 0 transceiver and 0 LCELL
Info (21057): Implemented 80 device resources after synthesis - the final resource count might be different
    Info (21058): Implemented 8 input pins
    Info (21059): Implemented 12 output pins
    Info (21061): Implemented 44 logic cells
    Info (21064): Implemented 16 RAM segments
Info: Quartus Prime Analysis & Synthesis was successful. 0 errors, 0 warnings
    Info: Peak virtual memory: 916 megabytes
    Info: Processing ended: Sat Feb 20 19:50:16 2016
    Info: Elapsed time: 00:00:10
    Info: Total CPU time (on all processors): 00:00:22


+------------------------------------------+
; Analysis & Synthesis Suppressed Messages ;
+------------------------------------------+
The suppressed messages can be found in C:/Users/Akshiv/Downloads/PSM(1)/PSM/PSM.map.smsg.


